prepare_motif.py — HackRush '26
  Input : D:\IITGN\HackRushh\HackRush26\motifs\1GA7_B_301_GD3.pdb
  Output: D:\IITGN\HackRushh\HackRush26\motifs\1GA7_B_301_GD3_prep
  Time  : 2026-04-04 21:21:07

=== CLEANING STEPS ===
  [LOAD]    30 atoms loaded from 1GA7_B_301_GD3.pdb
  [RESNAME] Fixed 2 non-standard residue names
  [ATOMNAME] Fixed 2 atom names for CHARMM36
  [OXT]     Added OXT atom to 1 C-terminal residue(s)

=== COMPONENTS ===
  Protein residues : 3 (chains: B)
  Water molecules  : 2 TIP3
  Lanthanide ions  : 1 (GD3)
  Inorganic ions   : 0
  Disulfide bonds  : 0
  [WRITE]   protein_B.pdb — 3 residues
  [WRITE]   water.pdb — 2 TIP3 molecules
  [WRITE]   ions.pdb — 1 ion(s)
  [WRITE]   clean_full.pdb — merged cleaned structure
  [WRITE]   ln_custom.rtf — CHARMM36 Ln3+ topology
  [WRITE]   ln_custom.prm — CHARMM36 Ln3+ parameters
  [WRITE]   psfgen.tcl — VMD topology generation script
  [WRITE]   run_vmd.bat — Windows double-click runner

=== NEXT STEPS ===
  1. Download CHARMM36 force field files from:
       http://mackerell.umaryland.edu/charmm_ff.shtml
  2. Extract into: D:\IITGN\HackRushh\HackRush26\motifs\1GA7_B_301_GD3_prep/charmm36/
     Required: top_all36_prot.rtf
               toppar/toppar_water_ions.str
  3. Install VMD from: https://www.ks.uiuc.edu/Research/vmd/
  4. Double-click run_vmd.bat (or run in terminal):
       vmd -dispdev text -e psfgen.tcl
  5. Output: 1GA7_B_301_GD3_final.psf + 1GA7_B_301_GD3_final.pdb
  6. Load in VMD: vmd 1GA7_B_301_GD3_final.pdb -psf 1GA7_B_301_GD3_final.psf
