============================================================
Motif  : 1H87_A_290_GD.pdb
Time   : 2026-04-05 10:48:05
Target : both
============================================================

Atoms loaded : 30
  [RESNAME]  fixed 1 residue names (CHARMM36)
  [ATOMNAME] fixed 1 atom names

Protein residues : 0  (chains: [])
Water (TIP3)     : 1
Lanthanide ions  : 1  ['GD']
Inorganic ions   : 0
Disulfides       : 0

-- VMD / CHARMM36 files --
  ln_custom.rtf  ln_custom.prm
  psfgen.tcl  run_vmd.bat
  water_charmm.pdb
  ions_charmm.pdb
-- GROMACS / CHARMM36 files --
  protein_gmx.pdb
  ffnonbonded_ln.itp  ln_GD.itp
  posre.itp  topol.top  em.mdp  md.mdp
  run_gmx.bat  run_gmx.sh

-- NEXT STEPS --
VMD:     cd motifs/1H87_A_290_GD_prep && run_vmd.bat
         (place CHARMM36 RTF files in ./charmm36/ first)
GROMACS: cd motifs/1H87_A_290_GD_prep && run_gmx.bat  (Windows)
         OR  ./run_gmx.sh  (Linux/WSL)
         charmm36.ff must be in GROMACS data path or current folder
